Arguments: 
  C:\Program Files\nodejs\node.exe C:\Users\Landon-PC\AppData\Roaming\npm\node_modules\yarn\bin\yarn.js start

PATH: 
  C:\Users\Landon-PC\bin;C:\Program Files\Git\mingw64\bin;C:\Program Files\Git\usr\local\bin;C:\Program Files\Git\usr\bin;C:\Program Files\Git\usr\bin;C:\Program Files\Git\mingw64\bin;C:\Program Files\Git\usr\bin;C:\Users\Landon-PC\bin;C:\ProgramData\Oracle\Java\javapath;C:\Program Files\MongoDB\Server\3.6\bin;C:\Program Files (x86)\Intel\iCLS Client;C:\Program Files\Intel\iCLS Client;C:\Windows\system32;C:\Windows;C:\Windows\System32\Wbem;C:\Windows\System32\WindowsPowerShell\v1.0;C:\Program Files (x86)\NVIDIA Corporation\PhysX\Common;C:\Program Files (x86)\Intel\Intel(R) Management Engine Components\DAL;C:\Program Files\Intel\Intel(R) Management Engine Components\DAL;C:\Program Files (x86)\Intel\Intel(R) Management Engine Components\IPT;C:\Program Files\Intel\Intel(R) Management Engine Components\IPT;C:\WINDOWS\system32;C:\WINDOWS;C:\WINDOWS\System32\Wbem;C:\WINDOWS\System32\WindowsPowerShell\v1.0;C:\Program Files\nodejs;C:\Program Files\MongoDB\Server\3.6\bin;C:\Program Files\Java\jdk-10\bin;C:\Users\Landon-PC\AppData\Local\Microsoft\WindowsApps;C:\Program Files\Heroku\bin;C:\Users\Landon-PC\AppData\Local\GitHubDesktop\bin;C:\Users\Landon-PC\AppData\Local\Microsoft\WindowsApps;C:\Users\Landon-PC\AppData\Roaming\npm;C:\Program Files\Microsoft VS Code\bin;C:\Program Files\Git\usr\bin\vendor_perl;C:\Program Files\Git\usr\bin\core_perl

Yarn version: 
  1.5.1

Node version: 
  8.9.4

Platform: 
  win32 x64

npm manifest: 
  {
    "name": "eat-da-burger",
    "version": "1.0.0",
    "description": "Sample web app that lets users enter in a burger, and then eat it!",
    "main": "server.js",
    "scripts": {
      "test": "echo \"Error: no test specified\" && exit 1",
      "start": "node server.js"
    },
    "repository": {
      "type": "git",
      "url": "git+https://github.com/MagentaReds/week-14-burger.git"
    },
    "keywords": [
      "homework",
      "express",
      "handlebars",
      "mysql",
      "node"
    ],
    "author": "Grant Daniels",
    "license": "ISC",
    "bugs": {
      "url": "https://github.com/MagentaReds/week-14-burger/issues"
    },
    "homepage": "https://github.com/MagentaReds/week-14-burger#readme",
    "dependencies": {
      "body-parser": "^1.17.1",
      "express": "^4.15.2",
      "express-handlebars": "^3.0.0",
      "method-override": "^2.3.8",
      "mysql": "^2.13.0",
      "sequelize": "^3.30.4"
    }
  }

yarn manifest: 
  No manifest

Lockfile: 
  No lockfile

Trace: 
  Error: Command failed.
  Exit code: 1
  Command: C:\WINDOWS\system32\cmd.exe
  Arguments: /d /s /c node server.js
  Directory: C:\Users\Landon-PC\desktop\sequelizeburger
  Output:
  
      at ProcessTermError.MessageError (C:\Users\Landon-PC\AppData\Roaming\npm\node_modules\yarn\lib\cli.js:186:110)
      at new ProcessTermError (C:\Users\Landon-PC\AppData\Roaming\npm\node_modules\yarn\lib\cli.js:226:113)
      at ChildProcess.<anonymous> (C:\Users\Landon-PC\AppData\Roaming\npm\node_modules\yarn\lib\cli.js:30281:17)
      at emitTwo (events.js:126:13)
      at ChildProcess.emit (events.js:214:7)
      at maybeClose (internal/child_process.js:925:16)
      at Process.ChildProcess._handle.onexit (internal/child_process.js:209:5)
